-------------------------------------test-------------------------------------
Epoch: 1/40 test accuracy: 0.2500, test recall: 0.0001, test f: 0.0002
-------------------------------------train-------------------------------------
Epoch: 2/40 train accuracy: 0.7519, train recall: 0.6016, train f: 0.6684
-------------------------------------test-------------------------------------
Epoch: 2/40 test accuracy: 0.7344, test recall: 0.5856, test f: 0.6516
-------------------------------------train-------------------------------------
Epoch: 3/40 train accuracy: 0.7980, train recall: 0.7140, train f: 0.7536
-------------------------------------test-------------------------------------
Epoch: 3/40 test accuracy: 0.7770, test recall: 0.6923, test f: 0.7322
-------------------------------------train-------------------------------------
Epoch: 4/40 train accuracy: 0.8275, train recall: 0.7871, train f: 0.8068
-------------------------------------test-------------------------------------
Epoch: 4/40 test accuracy: 0.7991, test recall: 0.7541, test f: 0.7760
-------------------------------------train-------------------------------------
Epoch: 5/40 train accuracy: 0.8563, train recall: 0.8311, train f: 0.8435
-------------------------------------test-------------------------------------
Epoch: 5/40 test accuracy: 0.8235, test recall: 0.7973, test f: 0.8102
W0814 19:38:05.700880 20496 deprecation.py:323] From D:\Python37\lib\site-packages\tensorflow\python\training\saver.py:960: remove_checkpoint (from tensorflow.python.training.checkpoint_management) is deprecated and will be removed in a future version.
Instructions for updating:
Use standard file APIs to delete files with this prefix.
-------------------------------------train-------------------------------------
Epoch: 6/40 train accuracy: 0.8844, train recall: 0.8680, train f: 0.8761
-------------------------------------test-------------------------------------
Epoch: 6/40 test accuracy: 0.8533, test recall: 0.8304, test f: 0.8417
-------------------------------------train-------------------------------------
Epoch: 7/40 train accuracy: 0.9013, train recall: 0.8847, train f: 0.8929
-------------------------------------test-------------------------------------
Epoch: 7/40 test accuracy: 0.8668, test recall: 0.8409, test f: 0.8537
-------------------------------------train-------------------------------------
Epoch: 8/40 train accuracy: 0.9157, train recall: 0.8972, train f: 0.9063
-------------------------------------test-------------------------------------
Epoch: 8/40 test accuracy: 0.8809, test recall: 0.8500, test f: 0.8652
-------------------------------------train-------------------------------------
Epoch: 9/40 train accuracy: 0.9241, train recall: 0.9129, train f: 0.9185
-------------------------------------test-------------------------------------
Epoch: 9/40 test accuracy: 0.8793, test recall: 0.8604, test f: 0.8697
-------------------------------------train-------------------------------------
Epoch: 10/40 train accuracy: 0.9297, train recall: 0.9238, train f: 0.9268
-------------------------------------test-------------------------------------
Epoch: 10/40 test accuracy: 0.8861, test recall: 0.8708, test f: 0.8784
-------------------------------------train-------------------------------------
Epoch: 11/40 train accuracy: 0.9329, train recall: 0.9314, train f: 0.9321
-------------------------------------test-------------------------------------
Epoch: 11/40 test accuracy: 0.8814, test recall: 0.8737, test f: 0.8775
-------------------------------------train-------------------------------------
Epoch: 12/40 train accuracy: 0.9370, train recall: 0.9344, train f: 0.9357
-------------------------------------test-------------------------------------
Epoch: 12/40 test accuracy: 0.8874, test recall: 0.8761, test f: 0.8817
-------------------------------------train-------------------------------------
Epoch: 13/40 train accuracy: 0.9429, train recall: 0.9394, train f: 0.9411
-------------------------------------test-------------------------------------
Epoch: 13/40 test accuracy: 0.8877, test recall: 0.8780, test f: 0.8828
-------------------------------------train-------------------------------------
Epoch: 14/40 train accuracy: 0.9408, train recall: 0.9404, train f: 0.9406
-------------------------------------test-------------------------------------
Epoch: 14/40 test accuracy: 0.8879, test recall: 0.8834, test f: 0.8856
-------------------------------------train-------------------------------------
Epoch: 15/40 train accuracy: 0.9493, train recall: 0.9453, train f: 0.9473
-------------------------------------test-------------------------------------
Epoch: 15/40 test accuracy: 0.8982, test recall: 0.8833, test f: 0.8907
-------------------------------------train-------------------------------------
Epoch: 16/40 train accuracy: 0.9530, train recall: 0.9485, train f: 0.9507
-------------------------------------test-------------------------------------
Epoch: 16/40 test accuracy: 0.8995, test recall: 0.8816, test f: 0.8905
-------------------------------------train-------------------------------------
Epoch: 17/40 train accuracy: 0.9533, train recall: 0.9513, train f: 0.9523
-------------------------------------test-------------------------------------
Epoch: 17/40 test accuracy: 0.8930, test recall: 0.8826, test f: 0.8878
-------------------------------------train-------------------------------------
Epoch: 18/40 train accuracy: 0.9564, train recall: 0.9526, train f: 0.9545
-------------------------------------test-------------------------------------
Epoch: 18/40 test accuracy: 0.9002, test recall: 0.8879, test f: 0.8940
-------------------------------------train-------------------------------------
Epoch: 19/40 train accuracy: 0.9560, train recall: 0.9501, train f: 0.9530
-------------------------------------test-------------------------------------
Epoch: 19/40 test accuracy: 0.9003, test recall: 0.8832, test f: 0.8917
-------------------------------------train-------------------------------------
Epoch: 20/40 train accuracy: 0.9620, train recall: 0.9554, train f: 0.9587
-------------------------------------test-------------------------------------
Epoch: 20/40 test accuracy: 0.8996, test recall: 0.8794, test f: 0.8894
-------------------------------------train-------------------------------------
Epoch: 21/40 train accuracy: 0.9618, train recall: 0.9573, train f: 0.9595
-------------------------------------test-------------------------------------
Epoch: 21/40 test accuracy: 0.9029, test recall: 0.8867, test f: 0.8947
-------------------------------------train-------------------------------------
Epoch: 22/40 train accuracy: 0.9570, train recall: 0.9540, train f: 0.9555
-------------------------------------test-------------------------------------
Epoch: 22/40 test accuracy: 0.8930, test recall: 0.8808, test f: 0.8868
-------------------------------------train-------------------------------------
Epoch: 23/40 train accuracy: 0.9622, train recall: 0.9599, train f: 0.9610
-------------------------------------test-------------------------------------
Epoch: 23/40 test accuracy: 0.8993, test recall: 0.8868, test f: 0.8930
-------------------------------------train-------------------------------------
Epoch: 24/40 train accuracy: 0.9658, train recall: 0.9624, train f: 0.9641
-------------------------------------test-------------------------------------
Epoch: 24/40 test accuracy: 0.9001, test recall: 0.8889, test f: 0.8945
-------------------------------------train-------------------------------------
Epoch: 25/40 train accuracy: 0.9630, train recall: 0.9642, train f: 0.9636
-------------------------------------test-------------------------------------
Epoch: 25/40 test accuracy: 0.8958, test recall: 0.8931, test f: 0.8944
-------------------------------------train-------------------------------------
Epoch: 26/40 train accuracy: 0.9657, train recall: 0.9662, train f: 0.9660
-------------------------------------test-------------------------------------
Epoch: 26/40 test accuracy: 0.8964, test recall: 0.8894, test f: 0.8929
-------------------------------------train-------------------------------------
Epoch: 27/40 train accuracy: 0.9699, train recall: 0.9674, train f: 0.9687
-------------------------------------test-------------------------------------
Epoch: 27/40 test accuracy: 0.9054, test recall: 0.8921, test f: 0.8987
-------------------------------------train-------------------------------------
Epoch: 28/40 train accuracy: 0.9697, train recall: 0.9689, train f: 0.9693
-------------------------------------test-------------------------------------
Epoch: 28/40 test accuracy: 0.9039, test recall: 0.8932, test f: 0.8985
-------------------------------------train-------------------------------------
Epoch: 29/40 train accuracy: 0.9715, train recall: 0.9677, train f: 0.9696
-------------------------------------test-------------------------------------
Epoch: 29/40 test accuracy: 0.9043, test recall: 0.8893, test f: 0.8968
-------------------------------------train-------------------------------------
Epoch: 30/40 train accuracy: 0.9697, train recall: 0.9730, train f: 0.9713
-------------------------------------test-------------------------------------
Epoch: 30/40 test accuracy: 0.8936, test recall: 0.8922, test f: 0.8929
-------------------------------------train-------------------------------------
Epoch: 31/40 train accuracy: 0.9720, train recall: 0.9706, train f: 0.9713
-------------------------------------test-------------------------------------
Epoch: 31/40 test accuracy: 0.9017, test recall: 0.8926, test f: 0.8971
-------------------------------------train-------------------------------------
Epoch: 32/40 train accuracy: 0.9708, train recall: 0.9682, train f: 0.9695
-------------------------------------test-------------------------------------
Epoch: 32/40 test accuracy: 0.9001, test recall: 0.8877, test f: 0.8939
-------------------------------------train-------------------------------------
Epoch: 33/40 train accuracy: 0.9737, train recall: 0.9711, train f: 0.9724
-------------------------------------test-------------------------------------
Epoch: 33/40 test accuracy: 0.9043, test recall: 0.8906, test f: 0.8974
-------------------------------------train-------------------------------------
Epoch: 34/40 train accuracy: 0.9736, train recall: 0.9730, train f: 0.9733
-------------------------------------test-------------------------------------
Epoch: 34/40 test accuracy: 0.9036, test recall: 0.8947, test f: 0.8991
-------------------------------------train-------------------------------------
Epoch: 35/40 train accuracy: 0.9724, train recall: 0.9728, train f: 0.9726
-------------------------------------test-------------------------------------
Epoch: 35/40 test accuracy: 0.8989, test recall: 0.8902, test f: 0.8945
-------------------------------------train-------------------------------------
Epoch: 36/40 train accuracy: 0.9773, train recall: 0.9711, train f: 0.9741
-------------------------------------test-------------------------------------
Epoch: 36/40 test accuracy: 0.9079, test recall: 0.8879, test f: 0.8978
-------------------------------------train-------------------------------------
Epoch: 37/40 train accuracy: 0.9760, train recall: 0.9719, train f: 0.9740
-------------------------------------test-------------------------------------
Epoch: 37/40 test accuracy: 0.9061, test recall: 0.8913, test f: 0.8986
-------------------------------------train-------------------------------------
Epoch: 38/40 train accuracy: 0.9736, train recall: 0.9716, train f: 0.9726
-------------------------------------test-------------------------------------
Epoch: 38/40 test accuracy: 0.9014, test recall: 0.8940, test f: 0.8977
-------------------------------------train-------------------------------------
Epoch: 39/40 train accuracy: 0.9769, train recall: 0.9727, train f: 0.9748
-------------------------------------test-------------------------------------
Epoch: 39/40 test accuracy: 0.9082, test recall: 0.8910, test f: 0.8995
-------------------------------------train-------------------------------------
Epoch: 40/40 train accuracy: 0.9756, train recall: 0.9753, train f: 0.9755
-------------------------------------test-------------------------------------
Epoch: 40/40 test accuracy: 0.9060, test recall: 0.8934, test f: 0.8997

Process finished with exit code 0
